2017-04-06 20:24:22 DEBUG DelayedFillActions:185 - 1 adding delayed action delayed evaluation {element: net.sf.jasperreports.engine.fill.JRFillTextField@7a6e29f0, printElement: net.sf.jasperreports.engine.fill.JRTemplatePrintText@6b33f247} at {type: REPORT, group: null, band: 0}, key page net.sf.jasperreports.engine.base.JRBasePrintPage@2e7e85e8, index 1
2017-04-06 20:24:22 DEBUG DelayedFillActions:227 - 1 running delayed actions on {type: BAND, group: null, band: 2039511978}
2017-04-06 20:24:22 DEBUG DelayedFillActions:227 - 1 running delayed actions on {type: GROUP, group: Group1, band: 0}
2017-04-06 20:24:22 DEBUG DelayedFillActions:227 - 1 running delayed actions on {type: GROUP, group: Group2, band: 0}
2017-04-06 20:24:22 DEBUG DelayedFillActions:227 - 1 running delayed actions on {type: GROUP, group: Group3, band: 0}
2017-04-06 20:24:22 DEBUG DelayedFillActions:227 - 1 running delayed actions on {type: GROUP, group: Group4, band: 0}
2017-04-06 20:24:22 DEBUG DelayedFillActions:227 - 1 running delayed actions on {type: COLUMN, group: null, band: 0}
2017-04-06 20:24:22 DEBUG DelayedFillActions:227 - 1 running delayed actions on {type: PAGE, group: null, band: 0}
2017-04-06 20:24:22 DEBUG DelayedFillActions:227 - 1 running delayed actions on {type: REPORT, group: null, band: 0}
2017-04-06 20:24:22 DEBUG DelayedFillActions:254 - 1 running actions for page net.sf.jasperreports.engine.base.JRBasePrintPage@4ee18ce2 at 0
2017-04-06 20:24:23 DEBUG ElementEvaluationAction:56 - resolving element net.sf.jasperreports.engine.fill.JRTemplatePrintText@77e7fa22 by net.sf.jasperreports.engine.fill.JRFillTextField@7a6e29f0 on {type: REPORT, group: null, band: 0}
2017-04-06 20:24:23 DEBUG DelayedFillActions:254 - 1 running actions for page net.sf.jasperreports.engine.base.JRBasePrintPage@2e7e85e8 at 1
2017-04-06 20:24:23 DEBUG ElementEvaluationAction:56 - resolving element net.sf.jasperreports.engine.fill.JRTemplatePrintText@6b33f247 by net.sf.jasperreports.engine.fill.JRFillTextField@7a6e29f0 on {type: REPORT, group: null, band: 0}
2017-04-06 20:24:23 DEBUG DelayedFillActions:227 - 1 running delayed actions on {type: MASTER, group: null, band: 0}
2017-04-06 20:24:23 DEBUG JRBaseFiller:600 - Fill 1: ended
2017-04-06 20:24:23 WARN  PdfGlyphRenderer:64 - Unpatched iText found, cannot use glyph rendering
2017-04-06 20:24:23 DEBUG JRPdfExporter:616 - glyph renderer block DEVANAGARI
2017-04-06 20:24:23 DEBUG JRPdfExporter:616 - glyph renderer block BENGALI
2017-04-06 20:24:23 DEBUG JRPdfExporter:616 - glyph renderer block TELUGU
2017-04-06 20:24:23 DEBUG JRPdfExporter:616 - glyph renderer block TAMIL
2017-04-06 20:24:23 DEBUG JRPdfExporter:616 - glyph renderer block GUJARATI
2017-04-06 20:24:23 DEBUG JRPdfExporter:616 - glyph renderer block KANNADA
2017-04-06 20:24:23 DEBUG JRPdfExporter:616 - glyph renderer block MALAYALAM
2017-04-06 20:24:23 DEBUG JRPdfExporter:616 - glyph renderer block ORIYA
2017-04-06 20:24:23 DEBUG JRPdfExporter:616 - glyph renderer block GURMUKHI
2017-04-06 20:24:23 DEBUG JRPdfExporter:616 - glyph renderer block SINHALA
2017-04-06 20:24:23 DEBUG JRPdfExporter:616 - glyph renderer block TIBETAN
2017-04-06 20:24:23 DEBUG JRPdfExporter:616 - glyph renderer block KHMER
